# JRE version: OpenJDK Runtime Environment (8.0_242-b01) (build 1.8.0_242-release-1644-b01)
# Java VM: OpenJDK 64-Bit Server VM (25.242-b01 mixed mode windows-amd64 compressed oops)
Heap:
 PSYoungGen      total 306176K, used 141809K [0x00000000d5580000, 0x00000000f0900000, 0x0000000100000000)
  eden space 253440K, 35% used [0x00000000d5580000,0x00000000dac7d3b8,0x00000000e4d00000)
  from space 52736K, 99% used [0x00000000e4d00000,0x00000000e807f2b0,0x00000000e8080000)
  to   space 62976K, 0% used [0x00000000ecb80000,0x00000000ecb80000,0x00000000f0900000)
 ParOldGen       total 487936K, used 75049K [0x0000000080000000, 0x000000009dc80000, 0x00000000d5580000)
  object space 487936K, 15% used [0x0000000080000000,0x000000008494a7b8,0x000000009dc80000)
 Metaspace       used 100119K, capacity 105208K, committed 105432K, reserved 1140736K
  class space    used 12803K, capacity 13708K, committed 13824K, reserved 1048576K
GC Heap History (10 events):
Event: 424.387 GC heap before
{Heap before GC invocations=22 (full 4):
 PSYoungGen      total 278016K, used 250037K [0x00000000d5580000, 0x00000000eb800000, 0x0000000100000000)
  eden space 225280K, 100% used [0x00000000d5580000,0x00000000e3180000,0x00000000e3180000)
  from space 52736K, 46% used [0x00000000e3180000,0x00000000e49ad5b0,0x00000000e6500000)
  to   space 50176K, 0% used [0x00000000e8700000,0x00000000e8700000,0x00000000eb800000)
 ParOldGen       total 487936K, used 74703K [0x0000000080000000, 0x000000009dc80000, 0x00000000d5580000)
  object space 487936K, 15% used [0x0000000080000000,0x00000000848f3fa8,0x000000009dc80000)
 Metaspace       used 97538K, capacity 102360K, committed 102872K, reserved 1138688K
  class space    used 12735K, capacity 13648K, committed 13824K, reserved 1048576K
Event: 424.414 GC heap after
Heap after GC invocations=22 (full 4):
 PSYoungGen      total 301568K, used 7256K [0x00000000d5580000, 0x00000000eb300000, 0x0000000100000000)
  eden space 256512K, 0% used [0x00000000d5580000,0x00000000d5580000,0x00000000e5000000)
  from space 45056K, 16% used [0x00000000e8700000,0x00000000e8e16060,0x00000000eb300000)
  to   space 50688K, 0% used [0x00000000e5000000,0x00000000e5000000,0x00000000e8180000)
 ParOldGen       total 487936K, used 74711K [0x0000000080000000, 0x000000009dc80000, 0x00000000d5580000)
  object space 487936K, 15% used [0x0000000080000000,0x00000000848f5fa8,0x000000009dc80000)
 Metaspace       used 97538K, capacity 102360K, committed 102872K, reserved 1138688K
  class space    used 12735K, capacity 13648K, committed 13824K, reserved 1048576K
}
Event: 438.955 GC heap before
{Heap before GC invocations=23 (full 4):
 PSYoungGen      total 301568K, used 262157K [0x00000000d5580000, 0x00000000eb300000, 0x0000000100000000)
  eden space 256512K, 99% used [0x00000000d5580000,0x00000000e4e6d400,0x00000000e5000000)
  from space 45056K, 16% used [0x00000000e8700000,0x00000000e8e16060,0x00000000eb300000)
  to   space 50688K, 0% used [0x00000000e5000000,0x00000000e5000000,0x00000000e8180000)
 ParOldGen       total 487936K, used 74711K [0x0000000080000000, 0x000000009dc80000, 0x00000000d5580000)
  object space 487936K, 15% used [0x0000000080000000,0x00000000848f5fa8,0x000000009dc80000)
 Metaspace       used 97861K, capacity 102872K, committed 103128K, reserved 1138688K
  class space    used 12754K, capacity 13678K, committed 13824K, reserved 1048576K
Event: 439.193 GC heap after
Heap after GC invocations=23 (full 4):
 PSYoungGen      total 266752K, used 9896K [0x00000000d5580000, 0x00000000eb100000, 0x0000000100000000)
  eden space 256512K, 0% used [0x00000000d5580000,0x00000000d5580000,0x00000000e5000000)
  from space 10240K, 96% used [0x00000000e5000000,0x00000000e59aa070,0x00000000e5a00000)
  to   space 49664K, 0% used [0x00000000e8080000,0x00000000e8080000,0x00000000eb100000)
 ParOldGen       total 487936K, used 74719K [0x0000000080000000, 0x000000009dc80000, 0x00000000d5580000)
  object space 487936K, 15% used [0x0000000080000000,0x00000000848f7fa8,0x000000009dc80000)
 Metaspace       used 97861K, capacity 102872K, committed 103128K, reserved 1138688K
  class space    used 12754K, capacity 13678K, committed 13824K, reserved 1048576K
}
Event: 439.193 GC heap before
{Heap before GC invocations=24 (full 5):
 PSYoungGen      total 266752K, used 9896K [0x00000000d5580000, 0x00000000eb100000, 0x0000000100000000)
  eden space 256512K, 0% used [0x00000000d5580000,0x00000000d5580000,0x00000000e5000000)
  from space 10240K, 96% used [0x00000000e5000000,0x00000000e59aa070,0x00000000e5a00000)
  to   space 49664K, 0% used [0x00000000e8080000,0x00000000e8080000,0x00000000eb100000)
 ParOldGen       total 487936K, used 74719K [0x0000000080000000, 0x000000009dc80000, 0x00000000d5580000)
  object space 487936K, 15% used [0x0000000080000000,0x00000000848f7fa8,0x000000009dc80000)
 Metaspace       used 97861K, capacity 102872K, committed 103128K, reserved 1138688K
  class space    used 12754K, capacity 13678K, committed 13824K, reserved 1048576K
Event: 443.583 GC heap after
Heap after GC invocations=24 (full 5):
 PSYoungGen      total 266752K, used 0K [0x00000000d5580000, 0x00000000eb100000, 0x0000000100000000)
  eden space 256512K, 0% used [0x00000000d5580000,0x00000000d5580000,0x00000000e5000000)
  from space 10240K, 0% used [0x00000000e5000000,0x00000000e5000000,0x00000000e5a00000)
  to   space 49664K, 0% used [0x00000000e8080000,0x00000000e8080000,0x00000000eb100000)
 ParOldGen       total 487936K, used 69496K [0x0000000080000000, 0x000000009dc80000, 0x00000000d5580000)
  object space 487936K, 14% used [0x0000000080000000,0x00000000843de260,0x000000009dc80000)
 Metaspace       used 97795K, capacity 102702K, committed 103128K, reserved 1138688K
  class space    used 12730K, capacity 13633K, committed 13824K, reserved 1048576K
}
Event: 457.013 GC heap before
{Heap before GC invocations=25 (full 5):
 PSYoungGen      total 266752K, used 256512K [0x00000000d5580000, 0x00000000eb100000, 0x0000000100000000)
  eden space 256512K, 100% used [0x00000000d5580000,0x00000000e5000000,0x00000000e5000000)
  from space 10240K, 0% used [0x00000000e5000000,0x00000000e5000000,0x00000000e5a00000)
  to   space 49664K, 0% used [0x00000000e8080000,0x00000000e8080000,0x00000000eb100000)
 ParOldGen       total 487936K, used 69496K [0x0000000080000000, 0x000000009dc80000, 0x00000000d5580000)
  object space 487936K, 14% used [0x0000000080000000,0x00000000843de260,0x000000009dc80000)
 Metaspace       used 99558K, capacity 104598K, committed 104920K, reserved 1140736K
  class space    used 12792K, capacity 13699K, committed 13824K, reserved 1048576K
Event: 457.159 GC heap after
Heap after GC invocations=25 (full 5):
 PSYoungGen      total 303104K, used 37351K [0x00000000d5580000, 0x00000000ed700000, 0x0000000100000000)
  eden space 253440K, 0% used [0x00000000d5580000,0x00000000d5580000,0x00000000e4d00000)
  from space 49664K, 75% used [0x00000000e8080000,0x00000000ea4f9fa0,0x00000000eb100000)
  to   space 52736K, 0% used [0x00000000e4d00000,0x00000000e4d00000,0x00000000e8080000)
 ParOldGen       total 487936K, used 69504K [0x0000000080000000, 0x000000009dc80000, 0x00000000d5580000)
  object space 487936K, 14% used [0x0000000080000000,0x00000000843e0260,0x000000009dc80000)
 Metaspace       used 99558K, capacity 104598K, committed 104920K, reserved 1140736K
  class space    used 12792K, capacity 13699K, committed 13824K, reserved 1048576K
}
Event: 459.337 GC heap before
{Heap before GC invocations=26 (full 5):
 PSYoungGen      total 303104K, used 290791K [0x00000000d5580000, 0x00000000ed700000, 0x0000000100000000)
  eden space 253440K, 100% used [0x00000000d5580000,0x00000000e4d00000,0x00000000e4d00000)
  from space 49664K, 75% used [0x00000000e8080000,0x00000000ea4f9fa0,0x00000000eb100000)
  to   space 52736K, 0% used [0x00000000e4d00000,0x00000000e4d00000,0x00000000e8080000)
 ParOldGen       total 487936K, used 69504K [0x0000000080000000, 0x000000009dc80000, 0x00000000d5580000)
  object space 487936K, 14% used [0x0000000080000000,0x00000000843e0260,0x000000009dc80000)
 Metaspace       used 99962K, capacity 105068K, committed 105432K, reserved 1140736K
  class space    used 12803K, capacity 13708K, committed 13824K, reserved 1048576K
Event: 459.786 GC heap after
Heap after GC invocations=26 (full 5):
 PSYoungGen      total 306176K, used 52732K [0x00000000d5580000, 0x00000000f0900000, 0x0000000100000000)
  eden space 253440K, 0% used [0x00000000d5580000,0x00000000d5580000,0x00000000e4d00000)
  from space 52736K, 99% used [0x00000000e4d00000,0x00000000e807f2b0,0x00000000e8080000)
  to   space 62976K, 0% used [0x00000000ecb80000,0x00000000ecb80000,0x00000000f0900000)
 ParOldGen       total 487936K, used 75049K [0x0000000080000000, 0x000000009dc80000, 0x00000000d5580000)
  object space 487936K, 15% used [0x0000000080000000,0x000000008494a7b8,0x000000009dc80000)
 Metaspace       used 99962K, capacity 105068K, committed 105432K, reserved 1140736K
  class space    used 12803K, capacity 13708K, committed 13824K, reserved 1048576K
}

